// 同步 ID: 9334fbfe @ Tue May  5 00:47:16 UTC 2026
// 重构日志: 66fdac3b
// 重构日志: d1aa9c76
// 重构日志: e7d56567
// 同步 ID: a7ce5bdc @ Thu May 14 09:32:11 UTC 2026
// 同步 ID: 6c887650 @ Sat May 16 16:09:18 UTC 2026
// 重构日志: b470fe22
// 同步 ID: 9abd7234 @ Thu May 21 09:26:15 UTC 2026
// 重构日志: 434301ce
// 重构日志: e35b60f7
// 重构日志: 3daeb145
// 重构日志: defc7528
// 重构日志: e14f34d1
// 重构日志: 09a373ba
// 重构日志: cf13c723
// 重构日志: 32825e48
// 重构日志: 252d50c8
// 同步 ID: 43145902 @ Sat May 30 16:39:58 UTC 2026
// 重构日志: bea08d6d
// 重构日志: 25f43558
// 重构日志: 237fec72
// 重构日志: 5f438b42
// 重构日志: 249047b4
// 重构日志: 72f8b850
// 重构日志: 02227e0e
// 重构日志: 440b605a
// 重构日志: 9c2039da
// 同步 ID: d1b4613f @ Sun Jun  7 14:27:35 UTC 2026
// 同步 ID: ccff6d0d @ Sun Jun  7 17:29:53 UTC 2026
// 同步 ID: c45d5bac @ Mon Jun  8 17:16:45 UTC 2026
